????????????? <function api_blogs at 0x7f1d80a38598> OrderedDict([('page', <Parameter "page='1'">)])
????????????? <function api_comments at 0x7f1d7f86a510> OrderedDict([('page', <Parameter "page='1'">)])
????????????? <function api_create_blog at 0x7f1d7f86a620> OrderedDict([('request', <Parameter "request">), ('name', <Parameter "name">), ('summary', <Parameter "summary">), ('content', <Parameter "content">), ('private', <Parameter "private=1">)])
????????????? <function api_create_comment at 0x7f1d7f86a730> OrderedDict([('id', <Parameter "id">), ('request', <Parameter "request">), ('content', <Parameter "content">)])
????????????? <function api_delete_blog at 0x7f1d7f86a840> OrderedDict([('request', <Parameter "request">), ('id', <Parameter "id">)])
????????????? <function api_delete_comment at 0x7f1d7f86a950> OrderedDict([('id', <Parameter "id">), ('request', <Parameter "request">)])
????????????? <function api_delete_user at 0x7f1d7f86aa60> OrderedDict([('request', <Parameter "request">), ('id', <Parameter "id">)])
????????????? <function api_get_blog at 0x7f1d7f86ab70> OrderedDict([('id', <Parameter "id">)])
????????????? <function api_get_users at 0x7f1d7f86ac80> OrderedDict([('page', <Parameter "page='1'">)])
????????????? <function api_register_user at 0x7f1d7f86ad90> OrderedDict([('email', <Parameter "email">), ('name', <Parameter "name">), ('password', <Parameter "password">)])
????????????? <function api_update_blog at 0x7f1d7f86aea0> OrderedDict([('request', <Parameter "request">), ('args', <Parameter "*args">), ('kw', <Parameter "**kw">)])
????????????? <function authenticate at 0x7f1d7f88a048> OrderedDict([('email', <Parameter "email">), ('password', <Parameter "password">)])
????????????? <function create_blog at 0x7f1d7f88a158> OrderedDict()
????????????? <function edit_blog at 0x7f1d7f88a268> OrderedDict([('id', <Parameter "id">)])
????????????? <function get_blog at 0x7f1d7f88a378> OrderedDict([('id', <Parameter "id">)])
????????????? <function index at 0x7f1d7f88a488> OrderedDict([('page', <Parameter "page='1'">)])
????????????? <function manage at 0x7f1d7f88a598> OrderedDict()
????????????? <function manage_blogs at 0x7f1d7f88a6a8> OrderedDict([('page', <Parameter "page='1'">)])
????????????? <function manage_comments at 0x7f1d7f88a7b8> OrderedDict([('page', <Parameter "page='1'">)])
????????????? <function manage_user at 0x7f1d7f88a8c8> OrderedDict([('page', <Parameter "page='1'">)])
????????????? <function rigister at 0x7f1d7f88a9d8> OrderedDict()
????????????? <function signin at 0x7f1d7f88aae8> OrderedDict()
????????????? <function signout at 0x7f1d7f88abf8> OrderedDict([('request', <Parameter "request">)])
????????????? <function user_id at 0x7f1d7f88ad08> OrderedDict([('id', <Parameter "id">)])
????????????? <function api_blogs at 0x7f1d86911598> OrderedDict([('page', <Parameter "page='1'">)])
????????????? <function api_comments at 0x7f1d85741510> OrderedDict([('page', <Parameter "page='1'">)])
????????????? <function api_create_blog at 0x7f1d85741620> OrderedDict([('request', <Parameter "request">), ('name', <Parameter "name">), ('summary', <Parameter "summary">), ('content', <Parameter "content">), ('private', <Parameter "private=1">)])
????????????? <function api_create_comment at 0x7f1d85741730> OrderedDict([('id', <Parameter "id">), ('request', <Parameter "request">), ('content', <Parameter "content">)])
????????????? <function api_delete_blog at 0x7f1d85741840> OrderedDict([('request', <Parameter "request">), ('id', <Parameter "id">)])
????????????? <function api_delete_comment at 0x7f1d85741950> OrderedDict([('id', <Parameter "id">), ('request', <Parameter "request">)])
????????????? <function api_delete_user at 0x7f1d85741a60> OrderedDict([('request', <Parameter "request">), ('id', <Parameter "id">)])
????????????? <function api_get_blog at 0x7f1d85741b70> OrderedDict([('id', <Parameter "id">)])
????????????? <function api_get_users at 0x7f1d85741c80> OrderedDict([('page', <Parameter "page='1'">)])
????????????? <function api_register_user at 0x7f1d85741d90> OrderedDict([('email', <Parameter "email">), ('name', <Parameter "name">), ('password', <Parameter "password">)])
????????????? <function api_update_blog at 0x7f1d85741ea0> OrderedDict([('request', <Parameter "request">), ('args', <Parameter "*args">), ('kw', <Parameter "**kw">)])
????????????? <function authenticate at 0x7f1d8575d048> OrderedDict([('email', <Parameter "email">), ('password', <Parameter "password">)])
????????????? <function create_blog at 0x7f1d8575d158> OrderedDict()
????????????? <function edit_blog at 0x7f1d8575d268> OrderedDict([('id', <Parameter "id">)])
????????????? <function get_blog at 0x7f1d8575d378> OrderedDict([('id', <Parameter "id">)])
????????????? <function index at 0x7f1d8575d488> OrderedDict([('page', <Parameter "page='1'">)])
????????????? <function manage at 0x7f1d8575d598> OrderedDict()
????????????? <function manage_blogs at 0x7f1d8575d6a8> OrderedDict([('page', <Parameter "page='1'">)])
????????????? <function manage_comments at 0x7f1d8575d7b8> OrderedDict([('page', <Parameter "page='1'">)])
????????????? <function manage_user at 0x7f1d8575d8c8> OrderedDict([('page', <Parameter "page='1'">)])
????????????? <function rigister at 0x7f1d8575d9d8> OrderedDict()
????????????? <function signin at 0x7f1d8575dae8> OrderedDict()
????????????? <function signout at 0x7f1d8575dbf8> OrderedDict([('request', <Parameter "request">)])
????????????? <function user_id at 0x7f1d8575dd08> OrderedDict([('id', <Parameter "id">)])
????????????? <function api_blogs at 0x7efee836d598> OrderedDict([('page', <Parameter "page='1'">)])
????????????? <function api_comments at 0x7efee719b510> OrderedDict([('page', <Parameter "page='1'">)])
????????????? <function api_create_blog at 0x7efee719b620> OrderedDict([('request', <Parameter "request">), ('name', <Parameter "name">), ('summary', <Parameter "summary">), ('content', <Parameter "content">), ('private', <Parameter "private=1">)])
????????????? <function api_create_comment at 0x7efee719b730> OrderedDict([('id', <Parameter "id">), ('request', <Parameter "request">), ('content', <Parameter "content">)])
????????????? <function api_delete_blog at 0x7efee719b840> OrderedDict([('request', <Parameter "request">), ('id', <Parameter "id">)])
????????????? <function api_delete_comment at 0x7efee719b950> OrderedDict([('id', <Parameter "id">), ('request', <Parameter "request">)])
????????????? <function api_delete_user at 0x7efee719ba60> OrderedDict([('request', <Parameter "request">), ('id', <Parameter "id">)])
????????????? <function api_get_blog at 0x7efee719bb70> OrderedDict([('id', <Parameter "id">)])
????????????? <function api_get_users at 0x7efee719bc80> OrderedDict([('page', <Parameter "page='1'">)])
????????????? <function api_register_user at 0x7efee719bd90> OrderedDict([('email', <Parameter "email">), ('name', <Parameter "name">), ('password', <Parameter "password">)])
????????????? <function api_update_blog at 0x7efee719bea0> OrderedDict([('request', <Parameter "request">), ('args', <Parameter "*args">), ('kw', <Parameter "**kw">)])
????????????? <function authenticate at 0x7efee71b6048> OrderedDict([('email', <Parameter "email">), ('password', <Parameter "password">)])
????????????? <function create_blog at 0x7efee71b6158> OrderedDict()
????????????? <function edit_blog at 0x7efee71b6268> OrderedDict([('id', <Parameter "id">)])
????????????? <function get_blog at 0x7efee71b6378> OrderedDict([('id', <Parameter "id">)])
????????????? <function index at 0x7efee71b6488> OrderedDict([('page', <Parameter "page='1'">)])
????????????? <function manage at 0x7efee71b6598> OrderedDict()
????????????? <function manage_blogs at 0x7efee71b66a8> OrderedDict([('page', <Parameter "page='1'">)])
????????????? <function manage_comments at 0x7efee71b67b8> OrderedDict([('page', <Parameter "page='1'">)])
????????????? <function manage_user at 0x7efee71b68c8> OrderedDict([('page', <Parameter "page='1'">)])
????????????? <function rigister at 0x7efee71b69d8> OrderedDict()
????????????? <function signin at 0x7efee71b6ae8> OrderedDict()
????????????? <function signout at 0x7efee71b6bf8> OrderedDict([('request', <Parameter "request">)])
????????????? <function user_id at 0x7efee71b6d08> OrderedDict([('id', <Parameter "id">)])
????????????? <function api_blogs at 0x7f5c8d430598> OrderedDict([('page', <Parameter "page='1'">)])
????????????? <function api_comments at 0x7f5c8c28f510> OrderedDict([('page', <Parameter "page='1'">)])
????????????? <function api_create_blog at 0x7f5c8c28f620> OrderedDict([('request', <Parameter "request">), ('name', <Parameter "name">), ('summary', <Parameter "summary">), ('content', <Parameter "content">), ('private', <Parameter "private=1">)])
????????????? <function api_create_comment at 0x7f5c8c28f730> OrderedDict([('id', <Parameter "id">), ('request', <Parameter "request">), ('content', <Parameter "content">)])
????????????? <function api_delete_blog at 0x7f5c8c28f840> OrderedDict([('request', <Parameter "request">), ('id', <Parameter "id">)])
????????????? <function api_delete_comment at 0x7f5c8c28f950> OrderedDict([('id', <Parameter "id">), ('request', <Parameter "request">)])
????????????? <function api_delete_user at 0x7f5c8c28fa60> OrderedDict([('request', <Parameter "request">), ('id', <Parameter "id">)])
????????????? <function api_get_blog at 0x7f5c8c28fb70> OrderedDict([('id', <Parameter "id">)])
????????????? <function api_get_users at 0x7f5c8c28fc80> OrderedDict([('page', <Parameter "page='1'">)])
????????????? <function api_register_user at 0x7f5c8c28fd90> OrderedDict([('email', <Parameter "email">), ('name', <Parameter "name">), ('password', <Parameter "password">)])
????????????? <function api_update_blog at 0x7f5c8c28fea0> OrderedDict([('request', <Parameter "request">), ('args', <Parameter "*args">), ('kw', <Parameter "**kw">)])
????????????? <function authenticate at 0x7f5c8c2ab048> OrderedDict([('email', <Parameter "email">), ('password', <Parameter "password">)])
????????????? <function create_blog at 0x7f5c8c2ab158> OrderedDict()
????????????? <function edit_blog at 0x7f5c8c2ab268> OrderedDict([('id', <Parameter "id">)])
????????????? <function get_blog at 0x7f5c8c2ab378> OrderedDict([('id', <Parameter "id">)])
????????????? <function index at 0x7f5c8c2ab488> OrderedDict([('page', <Parameter "page='1'">)])
????????????? <function manage at 0x7f5c8c2ab598> OrderedDict()
????????????? <function manage_blogs at 0x7f5c8c2ab6a8> OrderedDict([('page', <Parameter "page='1'">)])
????????????? <function manage_comments at 0x7f5c8c2ab7b8> OrderedDict([('page', <Parameter "page='1'">)])
????????????? <function manage_user at 0x7f5c8c2ab8c8> OrderedDict([('page', <Parameter "page='1'">)])
????????????? <function rigister at 0x7f5c8c2ab9d8> OrderedDict()
????????????? <function signin at 0x7f5c8c2abae8> OrderedDict()
????????????? <function signout at 0x7f5c8c2abbf8> OrderedDict([('request', <Parameter "request">)])
????????????? <function user_id at 0x7f5c8c2abd08> OrderedDict([('id', <Parameter "id">)])
